Loss after epoch 10:      1579528.00, training time:   296.6198 s 
Loss after epoch 20:       822808.00, training time:   571.0914 s 
Loss after epoch 30:       801028.00, training time:   839.6737 s 
Loss after epoch 40:       786116.00, training time:  1105.9646 s 
Loss after epoch 50:       784400.00, training time:  1370.1266 s 
Loss after epoch 60:       778772.00, training time:  1633.6262 s 
Loss after epoch 70:       126048.00, training time:  1895.6421 s 
Loss after epoch 80:       122408.00, training time:  2158.7719 s 
Loss after epoch 90:       124560.00, training time:  2419.8018 s 
Loss after epoch 100:       121656.00, training time:  2680.2140 s 
Loss after epoch 110:       122400.00, training time:  2939.4258 s 
Loss after epoch 120:       120464.00, training time:  3201.1450 s 
Loss after epoch 130:       120464.00, training time:  3461.4450 s 
Loss after epoch 140:       118504.00, training time:  3720.4664 s 
Loss after epoch 150:       116608.00, training time:  3979.0583 s 
Loss after epoch 160:       116936.00, training time:  4235.9904 s 
Loss after epoch 170:       117504.00, training time:  4492.5600 s 
Loss after epoch 180:       113960.00, training time:  4748.0807 s 
Loss after epoch 190:       115376.00, training time:  5006.1571 s 
Loss after epoch 200:       114648.00, training time:  5263.4342 s 
Loss after epoch 210:       115408.00, training time:  5520.6974 s 
Loss after epoch 220:       113112.00, training time:  5777.8321 s 
Loss after epoch 230:       113600.00, training time:  6034.0930 s 
Loss after epoch 240:       110792.00, training time:  6289.8936 s 
Loss after epoch 250:       106800.00, training time:  6546.1878 s 
Loss after epoch 260:       106256.00, training time:  6800.2531 s 
Loss after epoch 270:       107384.00, training time:  7054.3986 s 
Loss after epoch 280:       107240.00, training time:  7308.6606 s 
Loss after epoch 290:       103848.00, training time:  7562.9983 s 
Loss after epoch 300:       105632.00, training time:  7815.7247 s 
Loss after epoch 310:       104800.00, training time:  8068.0696 s 
Loss after epoch 320:       102112.00, training time:  8320.0009 s 
Loss after epoch 330:       101688.00, training time:  8571.6759 s 
Loss after epoch 340:        97584.00, training time:  8822.5432 s 
Loss after epoch 350:        97296.00, training time:  9074.4287 s 
Loss after epoch 360:        96672.00, training time:  9328.5166 s 
Loss after epoch 370:        98720.00, training time:  9581.5054 s 
Loss after epoch 380:        95408.00, training time:  9832.9337 s 
Loss after epoch 390:        93488.00, training time: 10082.4164 s 
Loss after epoch 400:        93200.00, training time: 10332.3490 s 
Loss after epoch 410:        91416.00, training time: 10583.7906 s 
Loss after epoch 420:        90120.00, training time: 10832.9340 s 
Loss after epoch 430:        91224.00, training time: 11083.6804 s 
Loss after epoch 440:        87624.00, training time: 11331.7514 s 
Loss after epoch 450:        87648.00, training time: 11579.4872 s 
Loss after epoch 460:        85120.00, training time: 11827.0033 s 
Loss after epoch 470:        84856.00, training time: 12073.2549 s 
Loss after epoch 480:        83336.00, training time: 12319.4257 s 
Loss after epoch 490:        83472.00, training time: 12565.5694 s 
Loss after epoch 500:        81024.00, training time: 12810.6760 s 
Loss after epoch 510:        80392.00, training time: 13054.5156 s 
Loss after epoch 520:        80024.00, training time: 13298.3347 s 
Loss after epoch 530:        79480.00, training time: 13541.2981 s 
Loss after epoch 540:        78072.00, training time: 13784.6786 s 
Loss after epoch 550:        77016.00, training time: 14027.8628 s 
Loss after epoch 560:        76192.00, training time: 14271.7635 s 
Loss after epoch 570:        74472.00, training time: 14513.7296 s 
Loss after epoch 580:        74736.00, training time: 14755.1629 s 
Loss after epoch 590:        73904.00, training time: 14996.5611 s 
Loss after epoch 600:        72648.00, training time: 15237.2949 s 
Loss after epoch 610:        71648.00, training time: 15476.9064 s 
Loss after epoch 620:        70368.00, training time: 15716.1747 s 
Loss after epoch 630:        70504.00, training time: 15954.7130 s 
Loss after epoch 640:        66576.00, training time: 16191.7124 s 
Loss after epoch 650:        67864.00, training time: 16428.1178 s 
Loss after epoch 660:        67320.00, training time: 16663.2649 s 
Loss after epoch 670:        65032.00, training time: 16897.5633 s 
Loss after epoch 680:        63728.00, training time: 17132.5030 s 
Loss after epoch 690:        63208.00, training time: 17363.4758 s 
Loss after epoch 700:        61928.00, training time: 17594.1477 s 
Loss after epoch 710:        62928.00, training time: 17823.3975 s 
Loss after epoch 720:        62768.00, training time: 18055.6561 s 
Loss after epoch 730:        60752.00, training time: 18286.6232 s 
Loss after epoch 740:        61216.00, training time: 18517.6402 s 
Loss after epoch 750:        60256.00, training time: 18748.7395 s 
