Loss after epoch 10:      1557096.00, training time:   248.5422 s 
Loss after epoch 20:       833688.00, training time:   477.8128 s 
Loss after epoch 30:       763404.00, training time:   701.6577 s 
Loss after epoch 40:       781248.00, training time:   925.0406 s 
Loss after epoch 50:       746388.00, training time:  1146.6905 s 
Loss after epoch 60:       798288.00, training time:  1364.4214 s 
Loss after epoch 70:       130264.00, training time:  1580.9053 s 
Loss after epoch 80:       130880.00, training time:  1793.9388 s 
Loss after epoch 90:       128384.00, training time:  2010.2774 s 
Loss after epoch 100:       123728.00, training time:  2223.9963 s 
Loss after epoch 110:       124112.00, training time:  2434.4189 s 
Loss after epoch 120:       125288.00, training time:  2647.1363 s 
Loss after epoch 130:       120336.00, training time:  2857.8353 s 
Loss after epoch 140:       125776.00, training time:  3070.1718 s 
Loss after epoch 150:       121632.00, training time:  3279.8263 s 
Loss after epoch 160:       122488.00, training time:  3488.5028 s 
Loss after epoch 170:       115624.00, training time:  3697.8043 s 
Loss after epoch 180:       119232.00, training time:  3907.3028 s 
Loss after epoch 190:       113688.00, training time:  4115.4182 s 
Loss after epoch 200:       117344.00, training time:  4322.0715 s 
Loss after epoch 210:       117160.00, training time:  4532.0306 s 
Loss after epoch 220:       116264.00, training time:  4738.8397 s 
Loss after epoch 230:       110096.00, training time:  4949.0700 s 
Loss after epoch 240:       114088.00, training time:  5157.6564 s 
Loss after epoch 250:       111360.00, training time:  5365.6488 s 
Loss after epoch 260:       115384.00, training time:  5574.4776 s 
Loss after epoch 270:       111032.00, training time:  5783.5204 s 
Loss after epoch 280:       113568.00, training time:  5989.3209 s 
Loss after epoch 290:       109576.00, training time:  6194.6605 s 
Loss after epoch 300:       110432.00, training time:  6399.2489 s 
Loss after epoch 310:       107240.00, training time:  6606.3444 s 
Loss after epoch 320:        98336.00, training time:  6813.7436 s 
Loss after epoch 330:       107160.00, training time:  7017.6837 s 
Loss after epoch 340:        99168.00, training time:  7224.6454 s 
Loss after epoch 350:       102440.00, training time:  7429.2640 s 
Loss after epoch 360:        97112.00, training time:  7632.0045 s 
Loss after epoch 370:       101680.00, training time:  7834.9728 s 
Loss after epoch 380:        95528.00, training time:  8040.2614 s 
Loss after epoch 390:        97944.00, training time:  8243.4125 s 
Loss after epoch 400:        98488.00, training time:  8448.5112 s 
Loss after epoch 410:        95944.00, training time:  8649.5434 s 
Loss after epoch 420:        94960.00, training time:  8851.0004 s 
Loss after epoch 430:        88112.00, training time:  9050.9443 s 
Loss after epoch 440:        89264.00, training time:  9252.7897 s 
Loss after epoch 450:        92168.00, training time:  9453.9362 s 
Loss after epoch 460:        89296.00, training time:  9653.6171 s 
Loss after epoch 470:        87392.00, training time:  9853.1454 s 
Loss after epoch 480:        83640.00, training time: 10053.8218 s 
Loss after epoch 490:        86768.00, training time: 10252.4563 s 
Loss after epoch 500:        82224.00, training time: 10452.9002 s 
Loss after epoch 510:        82328.00, training time: 10655.1566 s 
Loss after epoch 520:        80400.00, training time: 10853.5703 s 
Loss after epoch 530:        79000.00, training time: 11051.5397 s 
Loss after epoch 540:        80872.00, training time: 11250.4292 s 
Loss after epoch 550:        80744.00, training time: 11448.3059 s 
Loss after epoch 560:        81784.00, training time: 11645.3274 s 
Loss after epoch 570:        77640.00, training time: 11841.8314 s 
Loss after epoch 580:        77088.00, training time: 12038.2241 s 
Loss after epoch 590:        76048.00, training time: 12234.3663 s 
Loss after epoch 600:        79648.00, training time: 12428.9276 s 
Loss after epoch 610:        71528.00, training time: 12626.0827 s 
Loss after epoch 620:        74512.00, training time: 12822.9271 s 
Loss after epoch 630:        75232.00, training time: 13018.6713 s 
Loss after epoch 640:        74688.00, training time: 13214.9596 s 
Loss after epoch 650:        66072.00, training time: 13409.5229 s 
Loss after epoch 660:        72104.00, training time: 13604.0609 s 
Loss after epoch 670:        70808.00, training time: 13800.0251 s 
Loss after epoch 680:        69984.00, training time: 13994.5055 s 
Loss after epoch 690:        68720.00, training time: 14188.7993 s 
Loss after epoch 700:        67856.00, training time: 14383.1013 s 
Loss after epoch 710:        65560.00, training time: 14574.6529 s 
Loss after epoch 720:        66560.00, training time: 14768.6385 s 
Loss after epoch 730:        65944.00, training time: 14959.0406 s 
Loss after epoch 740:        63576.00, training time: 15151.0285 s 
Loss after epoch 750:        61496.00, training time: 15342.9979 s 
