Loss after epoch 10:      1572152.00, training time:   221.4451 s 
Loss after epoch 20:       796732.00, training time:   431.8143 s 
Loss after epoch 30:       788608.00, training time:   638.9347 s 
Loss after epoch 40:       765220.00, training time:   846.3289 s 
Loss after epoch 50:       811324.00, training time:  1052.0122 s 
Loss after epoch 60:       798784.00, training time:  1256.2879 s 
Loss after epoch 70:       127000.00, training time:  1460.3904 s 
Loss after epoch 80:       130808.00, training time:  1662.9061 s 
Loss after epoch 90:       132312.00, training time:  1864.4134 s 
Loss after epoch 100:       129216.00, training time:  2066.2279 s 
Loss after epoch 110:       126600.00, training time:  2268.3042 s 
Loss after epoch 120:       129808.00, training time:  2470.5366 s 
Loss after epoch 130:       123160.00, training time:  2670.7710 s 
Loss after epoch 140:       124672.00, training time:  2871.8584 s 
Loss after epoch 150:       124264.00, training time:  3072.8932 s 
Loss after epoch 160:       125984.00, training time:  3272.1727 s 
Loss after epoch 170:       126080.00, training time:  3473.4810 s 
Loss after epoch 180:       122232.00, training time:  3672.9858 s 
Loss after epoch 190:       124248.00, training time:  3874.0210 s 
Loss after epoch 200:       112712.00, training time:  4076.5351 s 
Loss after epoch 210:       117072.00, training time:  4279.5959 s 
Loss after epoch 220:       116640.00, training time:  4479.8942 s 
Loss after epoch 230:       116264.00, training time:  4680.4661 s 
Loss after epoch 240:       112856.00, training time:  4880.5202 s 
Loss after epoch 250:       112272.00, training time:  5079.8996 s 
Loss after epoch 260:       114248.00, training time:  5277.4803 s 
Loss after epoch 270:       110824.00, training time:  5478.4642 s 
Loss after epoch 280:       111648.00, training time:  5677.2897 s 
Loss after epoch 290:       107672.00, training time:  5876.1341 s 
Loss after epoch 300:       109424.00, training time:  6074.9647 s 
Loss after epoch 310:       105592.00, training time:  6272.4881 s 
Loss after epoch 320:       107528.00, training time:  6469.2818 s 
Loss after epoch 330:       110864.00, training time:  6666.4412 s 
Loss after epoch 340:       105296.00, training time:  6864.7575 s 
Loss after epoch 350:       100856.00, training time:  7060.1645 s 
Loss after epoch 360:       104960.00, training time:  7254.7877 s 
Loss after epoch 370:       101112.00, training time:  7448.7777 s 
Loss after epoch 380:        97904.00, training time:  7642.3600 s 
Loss after epoch 390:       101368.00, training time:  7837.7470 s 
Loss after epoch 400:       100208.00, training time:  8030.9393 s 
Loss after epoch 410:        94624.00, training time:  8224.2848 s 
Loss after epoch 420:        96584.00, training time:  8417.9055 s 
Loss after epoch 430:        95152.00, training time:  8612.2774 s 
Loss after epoch 440:        98256.00, training time:  8806.3218 s 
Loss after epoch 450:        95336.00, training time:  9000.9576 s 
Loss after epoch 460:        94176.00, training time:  9193.0612 s 
Loss after epoch 470:        91392.00, training time:  9379.7198 s 
Loss after epoch 480:        89064.00, training time:  9566.5808 s 
Loss after epoch 490:        85512.00, training time:  9750.0541 s 
Loss after epoch 500:        88664.00, training time:  9930.7029 s 
Loss after epoch 510:        88672.00, training time: 10110.8356 s 
Loss after epoch 520:        85808.00, training time: 10294.5583 s 
Loss after epoch 530:        83384.00, training time: 10474.8570 s 
Loss after epoch 540:        85320.00, training time: 10655.5202 s 
Loss after epoch 550:        84400.00, training time: 10837.0519 s 
Loss after epoch 560:        81952.00, training time: 11019.9002 s 
Loss after epoch 570:        80512.00, training time: 11201.6072 s 
Loss after epoch 580:        81808.00, training time: 11380.3871 s 
Loss after epoch 590:        79304.00, training time: 11560.4551 s 
Loss after epoch 600:        82368.00, training time: 11740.7209 s 
Loss after epoch 610:        77736.00, training time: 11919.2630 s 
Loss after epoch 620:        74800.00, training time: 12097.9733 s 
Loss after epoch 630:        74000.00, training time: 12276.4978 s 
Loss after epoch 640:        78752.00, training time: 12455.1545 s 
Loss after epoch 650:        75144.00, training time: 12633.8793 s 
Loss after epoch 660:        73064.00, training time: 12812.2955 s 
Loss after epoch 670:        74752.00, training time: 12991.9656 s 
Loss after epoch 680:        70832.00, training time: 13169.4680 s 
Loss after epoch 690:        67536.00, training time: 13348.1479 s 
Loss after epoch 700:        70912.00, training time: 13525.7178 s 
Loss after epoch 710:        68672.00, training time: 13702.6120 s 
Loss after epoch 720:        67216.00, training time: 13879.5725 s 
Loss after epoch 730:        67880.00, training time: 14057.3510 s 
Loss after epoch 740:        37008.00, training time: 14233.3408 s 
Loss after epoch 750:            0.00, training time: 14409.7307 s 
