Loss after epoch 10:      1546534.00, training time:   157.2297 s 
Loss after epoch 20:       837664.00, training time:   304.7774 s 
Loss after epoch 30:       802304.00, training time:   452.8727 s 
Loss after epoch 40:       811868.00, training time:   599.2109 s 
Loss after epoch 50:       809496.00, training time:   744.8092 s 
Loss after epoch 60:       147192.00, training time:   889.1225 s 
Loss after epoch 70:       147376.00, training time:  1033.6665 s 
Loss after epoch 80:       137928.00, training time:  1177.5898 s 
Loss after epoch 90:       145656.00, training time:  1320.3470 s 
Loss after epoch 100:       148256.00, training time:  1462.8760 s 
Loss after epoch 110:       140112.00, training time:  1604.0824 s 
Loss after epoch 120:       143616.00, training time:  1747.0143 s 
Loss after epoch 130:       140288.00, training time:  1888.9185 s 
Loss after epoch 140:       140264.00, training time:  2031.6586 s 
Loss after epoch 150:       131688.00, training time:  2174.1575 s 
Loss after epoch 160:       137744.00, training time:  2314.1783 s 
Loss after epoch 170:       138016.00, training time:  2456.5309 s 
Loss after epoch 180:       135616.00, training time:  2596.7513 s 
Loss after epoch 190:       142416.00, training time:  2738.8905 s 
Loss after epoch 200:       132512.00, training time:  2880.3418 s 
Loss after epoch 210:       131504.00, training time:  3024.1043 s 
Loss after epoch 220:       133208.00, training time:  3165.5903 s 
Loss after epoch 230:       136528.00, training time:  3306.4967 s 
Loss after epoch 240:       129416.00, training time:  3448.5185 s 
Loss after epoch 250:       130608.00, training time:  3587.5957 s 
Loss after epoch 260:       127256.00, training time:  3728.4913 s 
Loss after epoch 270:       125408.00, training time:  3869.6112 s 
Loss after epoch 280:       124000.00, training time:  4009.6945 s 
Loss after epoch 290:       124616.00, training time:  4150.2518 s 
Loss after epoch 300:       122960.00, training time:  4292.4053 s 
Loss after epoch 310:       127440.00, training time:  4433.9511 s 
Loss after epoch 320:       121872.00, training time:  4573.3504 s 
Loss after epoch 330:       118248.00, training time:  4713.2791 s 
Loss after epoch 340:       121888.00, training time:  4853.7962 s 
Loss after epoch 350:       119000.00, training time:  4994.0023 s 
Loss after epoch 360:       122424.00, training time:  5133.4043 s 
Loss after epoch 370:       116544.00, training time:  5271.6978 s 
Loss after epoch 380:       115928.00, training time:  5410.8828 s 
Loss after epoch 390:       121912.00, training time:  5549.4949 s 
Loss after epoch 400:       114184.00, training time:  5690.9876 s 
Loss after epoch 410:       113136.00, training time:  5833.5513 s 
Loss after epoch 420:       112472.00, training time:  5974.7699 s 
Loss after epoch 430:       112416.00, training time:  6112.6361 s 
Loss after epoch 440:       112680.00, training time:  6252.7417 s 
Loss after epoch 450:       110128.00, training time:  6392.7199 s 
Loss after epoch 460:       107848.00, training time:  6531.7968 s 
Loss after epoch 470:       106224.00, training time:  6670.5631 s 
Loss after epoch 480:       108280.00, training time:  6809.7320 s 
Loss after epoch 490:       103056.00, training time:  6951.7161 s 
Loss after epoch 500:       103784.00, training time:  7091.5109 s 
Loss after epoch 510:       102024.00, training time:  7233.5681 s 
Loss after epoch 520:       103720.00, training time:  7374.5288 s 
Loss after epoch 530:       101488.00, training time:  7516.3128 s 
Loss after epoch 540:       100880.00, training time:  7656.0750 s 
Loss after epoch 550:        97384.00, training time:  7798.9435 s 
Loss after epoch 560:       100504.00, training time:  7937.9180 s 
Loss after epoch 570:        96408.00, training time:  8077.7209 s 
Loss after epoch 580:        96424.00, training time:  8217.2441 s 
Loss after epoch 590:        94008.00, training time:  8355.6472 s 
Loss after epoch 600:        95968.00, training time:  8493.8110 s 
Loss after epoch 610:        95160.00, training time:  8632.8253 s 
Loss after epoch 620:            0.00, training time:  8771.8422 s 
Loss after epoch 630:            0.00, training time:  8910.6069 s 
Loss after epoch 640:            0.00, training time:  9052.1074 s 
Loss after epoch 650:            0.00, training time:  9190.5674 s 
Loss after epoch 660:            0.00, training time:  9330.6896 s 
Loss after epoch 670:            0.00, training time:  9470.4634 s 
Loss after epoch 680:            0.00, training time:  9611.1594 s 
Loss after epoch 690:            0.00, training time:  9751.2892 s 
Loss after epoch 700:            0.00, training time:  9890.6765 s 
Loss after epoch 710:            0.00, training time: 10027.6560 s 
Loss after epoch 720:            0.00, training time: 10168.8497 s 
Loss after epoch 730:            0.00, training time: 10306.6221 s 
Loss after epoch 740:            0.00, training time: 10444.5116 s 
Loss after epoch 750:            0.00, training time: 10581.8073 s 
