Loss after epoch 10:      1563224.00, training time:   179.9496 s 
Loss after epoch 20:       828172.00, training time:   348.1204 s 
Loss after epoch 30:       802340.00, training time:   514.4070 s 
Loss after epoch 40:       769464.00, training time:   676.0141 s 
Loss after epoch 50:       765764.00, training time:   838.5210 s 
Loss after epoch 60:       744072.00, training time:  1000.1294 s 
Loss after epoch 70:       136160.00, training time:  1157.3195 s 
Loss after epoch 80:       133056.00, training time:  1315.7745 s 
Loss after epoch 90:       132456.00, training time:  1473.3198 s 
Loss after epoch 100:       133784.00, training time:  1631.7094 s 
Loss after epoch 110:       127040.00, training time:  1789.8885 s 
Loss after epoch 120:       131824.00, training time:  1949.3433 s 
Loss after epoch 130:       131608.00, training time:  2107.0697 s 
Loss after epoch 140:       129824.00, training time:  2263.0598 s 
Loss after epoch 150:       128944.00, training time:  2419.8692 s 
Loss after epoch 160:       130264.00, training time:  2576.4831 s 
Loss after epoch 170:       118528.00, training time:  2731.1000 s 
Loss after epoch 180:       126264.00, training time:  2887.4236 s 
Loss after epoch 190:       128080.00, training time:  3042.6091 s 
Loss after epoch 200:       128304.00, training time:  3197.2165 s 
Loss after epoch 210:       121488.00, training time:  3352.4877 s 
Loss after epoch 220:       124360.00, training time:  3508.1211 s 
Loss after epoch 230:       120712.00, training time:  3662.7379 s 
Loss after epoch 240:       117184.00, training time:  3818.8426 s 
Loss after epoch 250:       119008.00, training time:  3974.3473 s 
Loss after epoch 260:       119832.00, training time:  4128.7190 s 
Loss after epoch 270:       116960.00, training time:  4283.2489 s 
Loss after epoch 280:       111384.00, training time:  4437.6721 s 
Loss after epoch 290:       116968.00, training time:  4591.8030 s 
Loss after epoch 300:       113424.00, training time:  4743.5187 s 
Loss after epoch 310:       114208.00, training time:  4898.4877 s 
Loss after epoch 320:       111776.00, training time:  5054.2980 s 
Loss after epoch 330:       109504.00, training time:  5206.4751 s 
Loss after epoch 340:       104904.00, training time:  5360.2420 s 
Loss after epoch 350:       110592.00, training time:  5511.3671 s 
Loss after epoch 360:       109608.00, training time:  5665.6955 s 
Loss after epoch 370:       105192.00, training time:  5818.2059 s 
Loss after epoch 380:       107384.00, training time:  5970.2244 s 
Loss after epoch 390:       100600.00, training time:  6122.1426 s 
Loss after epoch 400:        97936.00, training time:  6276.7394 s 
Loss after epoch 410:        96856.00, training time:  6430.7647 s 
Loss after epoch 420:        99216.00, training time:  6583.8524 s 
Loss after epoch 430:       101520.00, training time:  6735.1482 s 
Loss after epoch 440:        94776.00, training time:  6887.8527 s 
Loss after epoch 450:        94656.00, training time:  7042.3773 s 
Loss after epoch 460:        97648.00, training time:  7195.2107 s 
Loss after epoch 470:        96976.00, training time:  7346.6001 s 
Loss after epoch 480:        92496.00, training time:  7498.8937 s 
Loss after epoch 490:        94224.00, training time:  7652.8540 s 
Loss after epoch 500:        90608.00, training time:  7806.0116 s 
Loss after epoch 510:        92368.00, training time:  7958.3268 s 
Loss after epoch 520:        91192.00, training time:  8110.1619 s 
Loss after epoch 530:        89888.00, training time:  8264.2505 s 
Loss after epoch 540:        92448.00, training time:  8415.1791 s 
Loss after epoch 550:        91280.00, training time:  8566.1409 s 
Loss after epoch 560:        87488.00, training time:  8717.6473 s 
Loss after epoch 570:        85360.00, training time:  8870.1236 s 
Loss after epoch 580:        85600.00, training time:  9022.8677 s 
Loss after epoch 590:        85488.00, training time:  9173.7338 s 
Loss after epoch 600:        83256.00, training time:  9326.6617 s 
Loss after epoch 610:        81600.00, training time:  9479.3511 s 
Loss after epoch 620:        83112.00, training time:  9631.7014 s 
Loss after epoch 630:        79160.00, training time:  9782.2629 s 
Loss after epoch 640:        81720.00, training time:  9933.9395 s 
Loss after epoch 650:        80040.00, training time: 10085.1414 s 
Loss after epoch 660:        80568.00, training time: 10238.2860 s 
Loss after epoch 670:        79320.00, training time: 10387.5078 s 
Loss after epoch 680:        75584.00, training time: 10536.6981 s 
Loss after epoch 690:        72840.00, training time: 10688.4948 s 
Loss after epoch 700:            0.00, training time: 10837.1565 s 
Loss after epoch 710:            0.00, training time: 10985.8167 s 
Loss after epoch 720:            0.00, training time: 11135.1435 s 
Loss after epoch 730:            0.00, training time: 11284.6424 s 
Loss after epoch 740:            0.00, training time: 11434.6421 s 
Loss after epoch 750:            0.00, training time: 11586.2420 s 
