Loss after epoch 10:      1563364.00, training time:   276.1965 s 
Loss after epoch 20:       800688.00, training time:   534.1075 s 
Loss after epoch 30:       794476.00, training time:   789.6899 s 
Loss after epoch 40:       793896.00, training time:  1039.7315 s 
Loss after epoch 50:       782264.00, training time:  1285.1663 s 
Loss after epoch 60:       782308.00, training time:  1529.7596 s 
Loss after epoch 70:       125808.00, training time:  1773.9431 s 
Loss after epoch 80:       126712.00, training time:  2016.2650 s 
Loss after epoch 90:       123456.00, training time:  2258.7145 s 
Loss after epoch 100:       123960.00, training time:  2499.8928 s 
Loss after epoch 110:       123496.00, training time:  2742.6652 s 
Loss after epoch 120:       122064.00, training time:  2984.3878 s 
Loss after epoch 130:       120488.00, training time:  3225.4562 s 
Loss after epoch 140:       120136.00, training time:  3465.8305 s 
Loss after epoch 150:       119584.00, training time:  3705.6612 s 
Loss after epoch 160:       118040.00, training time:  3943.3123 s 
Loss after epoch 170:       117936.00, training time:  4182.0950 s 
Loss after epoch 180:       117480.00, training time:  4417.8584 s 
Loss after epoch 190:       117192.00, training time:  4658.7047 s 
Loss after epoch 200:       115944.00, training time:  4895.5973 s 
Loss after epoch 210:       114696.00, training time:  5131.8387 s 
Loss after epoch 220:       111784.00, training time:  5371.2157 s 
Loss after epoch 230:       111480.00, training time:  5608.3083 s 
Loss after epoch 240:       109840.00, training time:  5845.3996 s 
Loss after epoch 250:       112936.00, training time:  6080.2589 s 
Loss after epoch 260:       109280.00, training time:  6318.6386 s 
Loss after epoch 270:       108208.00, training time:  6553.4589 s 
Loss after epoch 280:       106488.00, training time:  6788.3349 s 
Loss after epoch 290:       106896.00, training time:  7021.8927 s 
Loss after epoch 300:       105328.00, training time:  7254.4985 s 
Loss after epoch 310:       106136.00, training time:  7487.2462 s 
Loss after epoch 320:       103240.00, training time:  7720.4488 s 
Loss after epoch 330:       104256.00, training time:  7954.2788 s 
Loss after epoch 340:       100656.00, training time:  8186.6003 s 
Loss after epoch 350:        99888.00, training time:  8420.6350 s 
Loss after epoch 360:        96800.00, training time:  8653.2634 s 
Loss after epoch 370:        98440.00, training time:  8887.7393 s 
Loss after epoch 380:        95720.00, training time:  9121.6890 s 
Loss after epoch 390:        95216.00, training time:  9352.1904 s 
Loss after epoch 400:        96432.00, training time:  9583.9189 s 
Loss after epoch 410:        92784.00, training time:  9815.2462 s 
Loss after epoch 420:        93464.00, training time: 10045.5292 s 
Loss after epoch 430:        87496.00, training time: 10278.1639 s 
Loss after epoch 440:        90520.00, training time: 10508.5174 s 
Loss after epoch 450:        88560.00, training time: 10739.0828 s 
Loss after epoch 460:        86720.00, training time: 10968.7718 s 
Loss after epoch 470:        86176.00, training time: 11197.6987 s 
Loss after epoch 480:        87272.00, training time: 11429.3019 s 
Loss after epoch 490:        84064.00, training time: 11660.4036 s 
Loss after epoch 500:        84560.00, training time: 11891.7177 s 
Loss after epoch 510:        83512.00, training time: 12121.4370 s 
Loss after epoch 520:        81848.00, training time: 12350.6809 s 
Loss after epoch 530:        81776.00, training time: 12577.6655 s 
Loss after epoch 540:        80512.00, training time: 12805.9290 s 
Loss after epoch 550:        79744.00, training time: 13031.7612 s 
Loss after epoch 560:        78600.00, training time: 13258.9879 s 
Loss after epoch 570:        75592.00, training time: 13483.3170 s 
Loss after epoch 580:        76152.00, training time: 13707.1626 s 
Loss after epoch 590:        75400.00, training time: 13932.2461 s 
Loss after epoch 600:        73000.00, training time: 14158.7352 s 
Loss after epoch 610:        73560.00, training time: 14383.5678 s 
Loss after epoch 620:        69776.00, training time: 14608.3038 s 
Loss after epoch 630:        67776.00, training time: 14832.3387 s 
Loss after epoch 640:        70472.00, training time: 15056.8270 s 
Loss after epoch 650:        69192.00, training time: 15281.4762 s 
Loss after epoch 660:        69152.00, training time: 15503.8560 s 
Loss after epoch 670:        66504.00, training time: 15725.8910 s 
Loss after epoch 680:        67368.00, training time: 15947.3722 s 
Loss after epoch 690:        65336.00, training time: 16167.5328 s 
Loss after epoch 700:        63472.00, training time: 16388.6414 s 
Loss after epoch 710:        62144.00, training time: 16610.5901 s 
Loss after epoch 720:        64640.00, training time: 16829.1518 s 
Loss after epoch 730:        62688.00, training time: 17047.1975 s 
Loss after epoch 740:        62576.00, training time: 17263.8949 s 
Loss after epoch 750:        58976.00, training time: 17481.1057 s 
